Compiled jquery.js  (2ms)  (pid 20784)
Compiled jquery-ui.js  (4ms)  (pid 20784)
Compiled jquery_ujs.js  (0ms)  (pid 20784)
Compiled active_admin/lib/namespace.js  (794ms)  (pid 20784)
Compiled active_admin/components/jquery.aa.checkbox-toggler.js  (183ms)  (pid 20784)
Compiled active_admin/components/jquery.aa.dropdown-menu.js  (261ms)  (pid 20784)
Compiled active_admin/components/jquery.aa.popover.js  (211ms)  (pid 20784)
Compiled active_admin/components/jquery.aa.table-checkbox-toggler.js  (133ms)  (pid 20784)
Compiled active_admin/pages/application.js  (152ms)  (pid 20784)
Compiled active_admin/pages/batch_actions.js  (127ms)  (pid 20784)
Compiled active_admin/application.js  (2080ms)  (pid 20784)
Compiled active_admin/base.js  (2389ms)  (pid 20784)
Compiled active_admin.js  (2419ms)  (pid 20784)
Compiled institutions.js  (96ms)  (pid 20784)
Compiled main.js  (98ms)  (pid 20784)
Compiled application.js  (220ms)  (pid 20784)
Compiled active_admin.css  (2423ms)  (pid 20784)
Compiled institutions.css  (2ms)  (pid 20784)
Compiled main.css  (2ms)  (pid 20784)
Compiled application.css  (20ms)  (pid 20784)
Compiled active_admin/print.css  (126ms)  (pid 20784)
Compiled jquery.js  (2ms)  (pid 20784)
Compiled jquery-ui.js  (3ms)  (pid 20784)
Compiled jquery_ujs.js  (0ms)  (pid 20784)
Compiled active_admin/lib/namespace.js  (103ms)  (pid 20784)
Compiled active_admin/components/jquery.aa.checkbox-toggler.js  (156ms)  (pid 20784)
Compiled active_admin/components/jquery.aa.dropdown-menu.js  (261ms)  (pid 20784)
Compiled active_admin/components/jquery.aa.popover.js  (213ms)  (pid 20784)
Compiled active_admin/components/jquery.aa.table-checkbox-toggler.js  (133ms)  (pid 20784)
Compiled active_admin/pages/application.js  (132ms)  (pid 20784)
Compiled active_admin/pages/batch_actions.js  (138ms)  (pid 20784)
Compiled active_admin/application.js  (1243ms)  (pid 20784)
Compiled active_admin/base.js  (1362ms)  (pid 20784)
Compiled active_admin.js  (1372ms)  (pid 20784)
Compiled institutions.js  (96ms)  (pid 20784)
Compiled main.js  (98ms)  (pid 20784)
Compiled application.js  (215ms)  (pid 20784)
Compiled active_admin.css  (2335ms)  (pid 20784)
Compiled institutions.css  (27ms)  (pid 20784)
Compiled main.css  (2ms)  (pid 20784)
Compiled application.css  (48ms)  (pid 20784)
Compiled active_admin/print.css  (130ms)  (pid 20784)
